[1592862113]Connecting state
[1592862174]Connect:91.208.232.246:9000
[1592862175]Establish sended
[1592862176]EstablishmentAck received: 10000
[1592862186]Heartbeat received
[1592862186]Heartbeat sended
[1592862196]Heartbeat received
[1592862197]Heartbeat sended
[1592862206]Heartbeat received
[1592862208]Heartbeat sended
[1592862216]Heartbeat received
[1592862219]Heartbeat sended
[1592862226]Heartbeat received
[1592862230]Heartbeat sended
[1592862236]Heartbeat received
[1592862241]Heartbeat sended
[1592862246]Heartbeat received
[1592862252]Heartbeat sended
[1592862256]Heartbeat received
[1592862263]Heartbeat sended
[1592862266]Heartbeat received
[1592862274]Heartbeat sended
[1592862275]Heartbeat received
[1592862285]Heartbeat sended
[1592862285]Heartbeat received
[1592862290]Disconnect
[1592862290]Terminate sended
[1592862290]Terminate received: 0
